# JRE version: OpenJDK Runtime Environment (8.0_152-b02) (build 1.8.0_152-release-1024-b02)
# Java VM: OpenJDK 64-Bit Server VM (25.152-b02 mixed mode windows-amd64 compressed oops)
Heap:
 PSYoungGen      total 484352K, used 117430K [0x00000000e0000000, 0x0000000100000000, 0x0000000100000000)
  eden space 448512K, 19% used [0x00000000e0000000,0x00000000e54f8488,0x00000000fb600000)
  from space 35840K, 84% used [0x00000000fb600000,0x00000000fd3b5570,0x00000000fd900000)
  to   space 39424K, 0% used [0x00000000fd980000,0x00000000fd980000,0x0000000100000000)
 ParOldGen       total 224256K, used 44375K [0x00000000a0000000, 0x00000000adb00000, 0x00000000e0000000)
  object space 224256K, 19% used [0x00000000a0000000,0x00000000a2b55e60,0x00000000adb00000)
 Metaspace       used 130376K, capacity 137437K, committed 137688K, reserved 1169408K
  class space    used 16287K, capacity 17661K, committed 17664K, reserved 1048576K
GC Heap History (10 events):
Event: 5985.865 GC heap before
{Heap before GC invocations=50 (full 5):
 PSYoungGen      total 484864K, used 465739K [0x00000000e0000000, 0x0000000100000000, 0x0000000100000000)
  eden space 448512K, 100% used [0x00000000e0000000,0x00000000fb600000,0x00000000fb600000)
  from space 36352K, 47% used [0x00000000fdc80000,0x00000000fed52ea8,0x0000000100000000)
  to   space 37888K, 0% used [0x00000000fb600000,0x00000000fb600000,0x00000000fdb00000)
 ParOldGen       total 224256K, used 44319K [0x00000000a0000000, 0x00000000adb00000, 0x00000000e0000000)
  object space 224256K, 19% used [0x00000000a0000000,0x00000000a2b47e60,0x00000000adb00000)
 Metaspace       used 125266K, capacity 130813K, committed 132440K, reserved 1165312K
  class space    used 15591K, capacity 16654K, committed 17024K, reserved 1048576K
Event: 5985.904 GC heap after
Heap after GC invocations=50 (full 5):
 PSYoungGen      total 472064K, used 23438K [0x00000000e0000000, 0x0000000100000000, 0x0000000100000000)
  eden space 448512K, 0% used [0x00000000e0000000,0x00000000e0000000,0x00000000fb600000)
  from space 23552K, 99% used [0x00000000fb600000,0x00000000fcce3890,0x00000000fcd00000)
  to   space 38912K, 0% used [0x00000000fda00000,0x00000000fda00000,0x0000000100000000)
 ParOldGen       total 224256K, used 44327K [0x00000000a0000000, 0x00000000adb00000, 0x00000000e0000000)
  object space 224256K, 19% used [0x00000000a0000000,0x00000000a2b49e60,0x00000000adb00000)
 Metaspace       used 125266K, capacity 130813K, committed 132440K, reserved 1165312K
  class space    used 15591K, capacity 16654K, committed 17024K, reserved 1048576K
}
Event: 5986.797 GC heap before
{Heap before GC invocations=51 (full 5):
 PSYoungGen      total 472064K, used 471950K [0x00000000e0000000, 0x0000000100000000, 0x0000000100000000)
  eden space 448512K, 100% used [0x00000000e0000000,0x00000000fb600000,0x00000000fb600000)
  from space 23552K, 99% used [0x00000000fb600000,0x00000000fcce3890,0x00000000fcd00000)
  to   space 38912K, 0% used [0x00000000fda00000,0x00000000fda00000,0x0000000100000000)
 ParOldGen       total 224256K, used 44327K [0x00000000a0000000, 0x00000000adb00000, 0x00000000e0000000)
  object space 224256K, 19% used [0x00000000a0000000,0x00000000a2b49e60,0x00000000adb00000)
 Metaspace       used 125366K, capacity 130881K, committed 132696K, reserved 1165312K
  class space    used 15591K, capacity 16654K, committed 17024K, reserved 1048576K
Event: 5986.809 GC heap after
Heap after GC invocations=51 (full 5):
 PSYoungGen      total 487424K, used 15329K [0x00000000e0000000, 0x0000000100000000, 0x0000000100000000)
  eden space 448512K, 0% used [0x00000000e0000000,0x00000000e0000000,0x00000000fb600000)
  from space 38912K, 39% used [0x00000000fda00000,0x00000000fe8f85e0,0x0000000100000000)
  to   space 36864K, 0% used [0x00000000fb600000,0x00000000fb600000,0x00000000fda00000)
 ParOldGen       total 224256K, used 44335K [0x00000000a0000000, 0x00000000adb00000, 0x00000000e0000000)
  object space 224256K, 19% used [0x00000000a0000000,0x00000000a2b4be60,0x00000000adb00000)
 Metaspace       used 125366K, capacity 130881K, committed 132696K, reserved 1165312K
  class space    used 15591K, capacity 16654K, committed 17024K, reserved 1048576K
}
Event: 5990.689 GC heap before
{Heap before GC invocations=52 (full 5):
 PSYoungGen      total 487424K, used 463107K [0x00000000e0000000, 0x0000000100000000, 0x0000000100000000)
  eden space 448512K, 99% used [0x00000000e0000000,0x00000000fb548820,0x00000000fb600000)
  from space 38912K, 39% used [0x00000000fda00000,0x00000000fe8f85e0,0x0000000100000000)
  to   space 36864K, 0% used [0x00000000fb600000,0x00000000fb600000,0x00000000fda00000)
 ParOldGen       total 224256K, used 44335K [0x00000000a0000000, 0x00000000adb00000, 0x00000000e0000000)
  object space 224256K, 19% used [0x00000000a0000000,0x00000000a2b4be60,0x00000000adb00000)
 Metaspace       used 126119K, capacity 131717K, committed 133336K, reserved 1165312K
  class space    used 15664K, capacity 16734K, committed 17152K, reserved 1048576K
Event: 5990.701 GC heap after
Heap after GC invocations=52 (full 5):
 PSYoungGen      total 467456K, used 18442K [0x00000000e0000000, 0x00000000ffc00000, 0x0000000100000000)
  eden space 448512K, 0% used [0x00000000e0000000,0x00000000e0000000,0x00000000fb600000)
  from space 18944K, 97% used [0x00000000fb600000,0x00000000fc802b20,0x00000000fc880000)
  to   space 35840K, 0% used [0x00000000fd900000,0x00000000fd900000,0x00000000ffc00000)
 ParOldGen       total 224256K, used 44343K [0x00000000a0000000, 0x00000000adb00000, 0x00000000e0000000)
  object space 224256K, 19% used [0x00000000a0000000,0x00000000a2b4de60,0x00000000adb00000)
 Metaspace       used 126119K, capacity 131717K, committed 133336K, reserved 1165312K
  class space    used 15664K, capacity 16734K, committed 17152K, reserved 1048576K
}
Event: 6302.123 GC heap before
{Heap before GC invocations=53 (full 5):
 PSYoungGen      total 467456K, used 466954K [0x00000000e0000000, 0x00000000ffc00000, 0x0000000100000000)
  eden space 448512K, 100% used [0x00000000e0000000,0x00000000fb600000,0x00000000fb600000)
  from space 18944K, 97% used [0x00000000fb600000,0x00000000fc802b20,0x00000000fc880000)
  to   space 35840K, 0% used [0x00000000fd900000,0x00000000fd900000,0x00000000ffc00000)
 ParOldGen       total 224256K, used 44343K [0x00000000a0000000, 0x00000000adb00000, 0x00000000e0000000)
  object space 224256K, 19% used [0x00000000a0000000,0x00000000a2b4de60,0x00000000adb00000)
 Metaspace       used 128407K, capacity 134705K, committed 135000K, reserved 1167360K
  class space    used 15956K, capacity 17148K, committed 17280K, reserved 1048576K
Event: 6302.151 GC heap after
Heap after GC invocations=53 (full 5):
 PSYoungGen      total 484352K, used 20775K [0x00000000e0000000, 0x0000000100000000, 0x0000000100000000)
  eden space 448512K, 0% used [0x00000000e0000000,0x00000000e0000000,0x00000000fb600000)
  from space 35840K, 57% used [0x00000000fd900000,0x00000000fed49d20,0x00000000ffc00000)
  to   space 35840K, 0% used [0x00000000fb600000,0x00000000fb600000,0x00000000fd900000)
 ParOldGen       total 224256K, used 44367K [0x00000000a0000000, 0x00000000adb00000, 0x00000000e0000000)
  object space 224256K, 19% used [0x00000000a0000000,0x00000000a2b53e60,0x00000000adb00000)
 Metaspace       used 128407K, capacity 134705K, committed 135000K, reserved 1167360K
  class space    used 15956K, capacity 17148K, committed 17280K, reserved 1048576K
}
Event: 6500.664 GC heap before
{Heap before GC invocations=54 (full 5):
 PSYoungGen      total 484352K, used 469287K [0x00000000e0000000, 0x0000000100000000, 0x0000000100000000)
  eden space 448512K, 100% used [0x00000000e0000000,0x00000000fb600000,0x00000000fb600000)
  from space 35840K, 57% used [0x00000000fd900000,0x00000000fed49d20,0x00000000ffc00000)
  to   space 35840K, 0% used [0x00000000fb600000,0x00000000fb600000,0x00000000fd900000)
 ParOldGen       total 224256K, used 44367K [0x00000000a0000000, 0x00000000adb00000, 0x00000000e0000000)
  object space 224256K, 19% used [0x00000000a0000000,0x00000000a2b53e60,0x00000000adb00000)
 Metaspace       used 130353K, capacity 137437K, committed 137688K, reserved 1169408K
  class space    used 16287K, capacity 17661K, committed 17664K, reserved 1048576K
Event: 6500.685 GC heap after
Heap after GC invocations=54 (full 5):
 PSYoungGen      total 484352K, used 30421K [0x00000000e0000000, 0x0000000100000000, 0x0000000100000000)
  eden space 448512K, 0% used [0x00000000e0000000,0x00000000e0000000,0x00000000fb600000)
  from space 35840K, 84% used [0x00000000fb600000,0x00000000fd3b5570,0x00000000fd900000)
  to   space 39424K, 0% used [0x00000000fd980000,0x00000000fd980000,0x0000000100000000)
 ParOldGen       total 224256K, used 44375K [0x00000000a0000000, 0x00000000adb00000, 0x00000000e0000000)
  object space 224256K, 19% used [0x00000000a0000000,0x00000000a2b55e60,0x00000000adb00000)
 Metaspace       used 130353K, capacity 137437K, committed 137688K, reserved 1169408K
  class space    used 16287K, capacity 17661K, committed 17664K, reserved 1048576K
}

